<?xml version="1.0" encoding="UTF-8"?>
<beans xmlns="http://www.springframework.org/schema/beans"
       xmlns:xsi="http://www.w3.org/2001/XMLSchema-instance"
       xmlns:context="http://www.springframework.org/schema/context"
       xmlns:aop="http://www.springframework.org/schema/aop"
       xmlns:tx="http://www.springframework.org/schema/tx"
       xmlns:jpa="http://www.springframework.org/schema/data/jpa"
       xmlns:repository="http://www.springframework.org/schema/data/repository"
       xmlns:util="http://www.springframework.org/schema/util"
       xmlns:security="http://www.springframework.org/schema/security"
       xmlns:cache="http://www.springframework.org/schema/cache"
       xsi:schemaLocation="http://www.springframework.org/schema/beans http://www.springframework.org/schema/beans/spring-beans-4.1.xsd
       http://www.springframework.org/schema/aop http://www.springframework.org/schema/aop/spring-aop-4.1.xsd
       http://www.springframework.org/schema/tx http://www.springframework.org/schema/tx/spring-tx-4.1.xsd
       http://www.springframework.org/schema/context http://www.springframework.org/schema/context/spring-context-4.1.xsd
       http://www.springframework.org/schema/data/jpa http://www.springframework.org/schema/data/jpa/spring-jpa.xsd
       http://www.springframework.org/schema/data/repository http://www.springframework.org/schema/data/repository/spring-repository.xsd
       http://www.springframework.org/schema/util http://www.springframework.org/schema/util/spring-util-4.1.xsd
       http://www.springframework.org/schema/security https://www.springframework.org/schema/security/spring-security.xsd
       http://www.springframework.org/schema/cache http://www.springframework.org/schema/cache/spring-cache-4.1.xsd">
    <import resource="spring/properties.xml"/>
    <bean id="dataSource" class="org.apache.commons.dbcp.BasicDataSource" destroy-method="close">
        <property name="driverClassName" value="org.h2.Driver"/>
        <property name="url" value="jdbc:h2:mem:test"/>
    </bean>

    <import resource="spring/rs-clients.xml"/>

    <bean id="validator" class="org.springframework.validation.beanvalidation.LocalValidatorFactoryBean" />

    <bean id="rekisteriCacheManager" class="org.springframework.cache.ehcache.EhCacheManagerFactoryBean">
        <property name="configLocation"  value="classpath:ehcache.xml"/>
        <property name="cacheManagerName" value="rekisteriCacheManager"/>
    </bean>
    <bean id="cacheManager" class="org.springframework.cache.ehcache.EhCacheCacheManager">
        <property name="cacheManager" ref="rekisteriCacheManager"/>
    </bean>

    <bean id="expressionHandler" class="org.springframework.security.access.expression.method.DefaultMethodSecurityExpressionHandler">
    </bean>
    <security:global-method-security secured-annotations="enabled" pre-post-annotations="enabled"  >
        <security:expression-handler ref="expressionHandler"/>
    </security:global-method-security>

    <context:component-scan base-package="fi.vm.sade.oikeustulkkirekisteri.service"/>
    <context:component-scan base-package="fi.vm.sade.oikeustulkkirekisteri.repository.custom"/>
    <context:component-scan base-package="fi.vm.sade.oikeustulkkirekisteri.config"/>
    <tx:annotation-driven order="100"/>
    <cache:annotation-driven />
    <aop:aspectj-autoproxy  />

    <bean name="hibernateInterceptor" class="fi.vm.sade.oikeustulkkirekisteri.hibernate.HibernateInterceptor"/>
    <bean id="entityManagerFactory" class="org.springframework.orm.jpa.LocalContainerEntityManagerFactoryBean">
        <property name="persistenceUnitName" value="oikeustulkkirekisteri"/>
        <property name="dataSource" ref="dataSource"/>
        <property name="packagesToScan" value="fi.vm.sade.oikeustulkkirekisteri.domain"/>
        <property name="persistenceProviderClass" value="org.hibernate.jpa.HibernatePersistenceProvider"/>
        <property name="jpaPropertyMap">
            <map>
                <entry key="hibernate.hbm2ddl.auto" value="create"/>
                <entry key="hibernate.show_sql" value="${hibernate.show_sql:false}"/>
                <entry key="hibernate.dialect" value="org.hibernate.dialect.H2Dialect"/>
                <entry key="javax.persistence.sharedCache.mode" value="ENABLE_SELECTIVE"/>
                <entry key="javax.persistence.validation.factory" value-ref="validator" />
                <entry key="hibernate.jdbc.batch_size" value="20"/>
                <entry key="hibernate.jdbc.fetch_size" value="20"/>
                <entry key="hibernate.ejb.interceptor" value-ref="hibernateInterceptor" />
            </map>
        </property>
    </bean>

    <bean id="transactionManager" class="org.springframework.orm.jpa.JpaTransactionManager">
        <property name="entityManagerFactory" ref="entityManagerFactory"/>
    </bean>

    <jpa:repositories base-package="fi.vm.sade.oikeustulkkirekisteri.repository" />

    <bean id="messageSource" class="org.springframework.context.support.ResourceBundleMessageSource">
        <property name="basename" value="Messages"/>
    </bean>
</beans>
