<?xml version="1.0" encoding="UTF-8"?>
<beans xmlns="http://www.springframework.org/schema/beans"
       xmlns:xsi="http://www.w3.org/2001/XMLSchema-instance"
       xsi:schemaLocation="http://www.springframework.org/schema/beans http://www.springframework.org/schema/beans/spring-beans-4.1.xsd"
       profile="test,!test-with-db">
    <import resource="properties.xml"/>
    <bean id="dataSource" class="org.apache.commons.dbcp.BasicDataSource">
        <property name="driverClassName" value="org.h2.Driver"/>
        <property name="url" value="jdbc:h2:mem:test"/>
    </bean>
    
    <bean id="flyway" class="com.googlecode.flyway.core.Flyway">
        <property name="dataSource" ref="dataSource"/>
    </bean>
</beans>